<?xml version="1.0" encoding="utf-8"?><testsuites name="pytest tests"><testsuite name="pytest" errors="0" failures="0" skipped="0" tests="32" time="6.408" timestamp="2026-05-20T01:08:54.951421+00:00" hostname="agent-env-da0bdf31-c3a6-4c51-8d62-98307823844f"><testcase classname="backend.tests.test_business_and_proof.TestProofUpload" name="test_upload_proof_persists_on_order" time="0.432" /><testcase classname="backend.tests.test_business_and_proof.TestProofUpload" name="test_upload_proof_nonexistent_returns_404" time="0.070" /><testcase classname="backend.tests.test_business_and_proof.TestBusinessMe" name="test_get_business_returns_nordic_bowl" time="0.070" /><testcase classname="backend.tests.test_business_and_proof.TestBusinessShipments" name="test_list_shipments_returns_list" time="0.073" /><testcase classname="backend.tests.test_business_and_proof.TestBusinessShipments" name="test_create_standard_shipment" time="0.203" /><testcase classname="backend.tests.test_business_and_proof.TestBusinessShipments" name="test_express_is_1_5x_of_standard" time="0.138" /><testcase classname="backend.tests.test_business_and_proof.TestBusinessShipments" name="test_get_shipment_404" time="0.068" /><testcase classname="backend.tests.test_business_and_proof.TestBusinessShipments" name="test_business_total_shipments_reflects_count" time="0.093" /><testcase classname="backend.tests.test_driver_api.TestDriver" name="test_get_driver" time="0.140" /><testcase classname="backend.tests.test_driver_api.TestDriver" name="test_toggle_online_flips" time="0.225" /><testcase classname="backend.tests.test_driver_api.TestPending" name="test_pending_order_full_shape" time="0.147" /><testcase classname="backend.tests.test_driver_api.TestHistory" name="test_history_min_8" time="0.035" /><testcase classname="backend.tests.test_driver_api.TestLifecycle" name="test_accept_advance_complete" time="0.953" /><testcase classname="backend.tests.test_driver_api.TestLifecycle" name="test_reject_creates_new_pending" time="0.297" /><testcase classname="backend.tests.test_driver_api.TestLifecycle" name="test_rate_after_delivery" time="0.715" /><testcase classname="backend.tests.test_driver_api.TestErrors" name="test_accept_nonexistent" time="0.073" /><testcase classname="backend.tests.test_driver_api.TestErrors" name="test_advance_nonexistent" time="0.071" /><testcase classname="backend.tests.test_otp_and_wallet.TestPendingOrderOtpFields" name="test_pending_has_4digit_otps_unverified" time="0.116" /><testcase classname="backend.tests.test_otp_and_wallet.TestVerifyOtp" name="test_invalid_otp_returns_400" time="0.083" /><testcase classname="backend.tests.test_otp_and_wallet.TestVerifyOtp" name="test_nonexistent_order_returns_404" time="0.068" /><testcase classname="backend.tests.test_otp_and_wallet.TestVerifyOtp" name="test_correct_pickup_otp_marks_pickup_verified" time="0.070" /><testcase classname="backend.tests.test_otp_and_wallet.TestVerifyOtp" name="test_correct_dropoff_otp_marks_dropoff_verified" time="0.114" /><testcase classname="backend.tests.test_otp_and_wallet.TestWallet" name="test_wallet_structure_and_balances" time="0.100" /><testcase classname="backend.tests.test_otp_and_wallet.TestWallet" name="test_wallet_has_mixed_txn_types_and_sorted_desc" time="0.084" /><testcase classname="backend.tests.test_otp_and_wallet.TestWallet" name="test_wallet_includes_tip_rows_when_present" time="0.067" /><testcase classname="backend.tests.test_settings_and_route.TestDriverNewFields" name="test_driver_has_new_fields" time="0.083" /><testcase classname="backend.tests.test_settings_and_route.TestDriverPatch" name="test_patch_name_only" time="0.283" /><testcase classname="backend.tests.test_settings_and_route.TestDriverPatch" name="test_patch_vehicle_combo" time="0.253" /><testcase classname="backend.tests.test_settings_and_route.TestDriverPatch" name="test_patch_notifications" time="0.275" /><testcase classname="backend.tests.test_settings_and_route.TestRoute" name="test_route_fallback_shape" time="0.358" /><testcase classname="backend.tests.test_settings_and_route.TestRoute" name="test_route_idempotent_cache" time="0.394" /><testcase classname="backend.tests.test_settings_and_route.TestRoute" name="test_route_404_for_unknown_order" time="0.067" /></testsuite></testsuites>